<?xml version="1.0" encoding="UTF-8"?>
<testsuite xmlns:xsi="http://www.w3.org/2001/XMLSchema-instance" xsi:noNamespaceSchemaLocation="https://maven.apache.org/surefire/maven-surefire-plugin/xsd/surefire-test-report-3.0.xsd" version="3.0" name="com.alphaentropy.functional.QueryApiTest" time="0.006" tests="2" errors="0" skipped="2" failures="0">
  <properties/>
  <testcase name="testSearchEndpoint" classname="com.alphaentropy.functional.QueryApiTest" time="0">
    <skipped message="Integration tests disabled until MongoDB setup is complete"/>
  </testcase>
  <testcase name="testQueryEndpoint" classname="com.alphaentropy.functional.QueryApiTest" time="0">
    <skipped message="Integration tests disabled until MongoDB setup is complete"/>
  </testcase>
</testsuite>